{"/Users/sabrinahuang/Downloads/College/CSC 308/to-do-list/backend/task.js": {"path":"/Users/sabrinahuang/Downloads/College/CSC 308/to-do-list/backend/task.js","statementMap":{"0":{"start":{"line":1,"column":17},"end":{"line":1,"column":36}},"1":{"start":{"line":3,"column":19},"end":{"line":32,"column":1}},"2":{"start":{"line":37,"column":0},"end":{"line":37,"column":27}}},"fnMap":{},"branchMap":{},"s":{"0":1,"1":1,"2":1},"f":{},"b":{},"_coverageSchema":"1a1c01bbd47fc00a2c39e90264f33305004495a9","hash":"de3a1f00c40634e0ef42aa8ed7adce44a56a2101"}
,"/Users/sabrinahuang/Downloads/College/CSC 308/to-do-list/backend/taskServices.js": {"path":"/Users/sabrinahuang/Downloads/College/CSC 308/to-do-list/backend/taskServices.js","statementMap":{"0":{"start":{"line":2,"column":17},"end":{"line":2,"column":36}},"1":{"start":{"line":3,"column":15},"end":{"line":3,"column":32}},"2":{"start":{"line":4,"column":19},"end":{"line":4,"column":42}},"3":{"start":{"line":5,"column":19},"end":{"line":5,"column":36}},"4":{"start":{"line":6,"column":0},"end":{"line":6,"column":15}},"5":{"start":{"line":10,"column":2},"end":{"line":15,"column":3}},"6":{"start":{"line":11,"column":4},"end":{"line":14,"column":6}},"7":{"start":{"line":16,"column":2},"end":{"line":16,"column":21}},"8":{"start":{"line":21,"column":20},"end":{"line":21,"column":63}},"9":{"start":{"line":22,"column":20},"end":{"line":22,"column":63}},"10":{"start":{"line":24,"column":2},"end":{"line":29,"column":3}},"11":{"start":{"line":25,"column":4},"end":{"line":25,"column":36}},"12":{"start":{"line":27,"column":4},"end":{"line":27,"column":33}},"13":{"start":{"line":28,"column":4},"end":{"line":28,"column":20}},"14":{"start":{"line":31,"column":16},"end":{"line":31,"column":42}},"15":{"start":{"line":32,"column":2},"end":{"line":32,"column":20}},"16":{"start":{"line":33,"column":2},"end":{"line":33,"column":14}},"17":{"start":{"line":38,"column":20},"end":{"line":38,"column":63}},"18":{"start":{"line":39,"column":2},"end":{"line":45,"column":3}},"19":{"start":{"line":40,"column":4},"end":{"line":40,"column":31}},"20":{"start":{"line":41,"column":4},"end":{"line":41,"column":52}},"21":{"start":{"line":43,"column":4},"end":{"line":43,"column":22}},"22":{"start":{"line":44,"column":4},"end":{"line":44,"column":20}},"23":{"start":{"line":52,"column":20},"end":{"line":52,"column":63}},"24":{"start":{"line":53,"column":2},"end":{"line":61,"column":3}},"25":{"start":{"line":55,"column":22},"end":{"line":55,"column":41}},"26":{"start":{"line":56,"column":22},"end":{"line":56,"column":44}},"27":{"start":{"line":57,"column":4},"end":{"line":57,"column":20}},"28":{"start":{"line":59,"column":4},"end":{"line":59,"column":22}},"29":{"start":{"line":60,"column":4},"end":{"line":60,"column":16}},"30":{"start":{"line":66,"column":20},"end":{"line":66,"column":63}},"31":{"start":{"line":67,"column":2},"end":{"line":77,"column":3}},"32":{"start":{"line":68,"column":23},"end":{"line":72,"column":5}},"33":{"start":{"line":73,"column":4},"end":{"line":73,"column":21}},"34":{"start":{"line":76,"column":4},"end":{"line":76,"column":16}},"35":{"start":{"line":80,"column":0},"end":{"line":85,"column":1}}},"fnMap":{"0":{"name":"getDbConnection","decl":{"start":{"line":9,"column":9},"end":{"line":9,"column":24}},"loc":{"start":{"line":9,"column":27},"end":{"line":17,"column":1}},"line":9},"1":{"name":"getTasks","decl":{"start":{"line":20,"column":15},"end":{"line":20,"column":23}},"loc":{"start":{"line":20,"column":32},"end":{"line":34,"column":1}},"line":20},"2":{"name":"deleteTask","decl":{"start":{"line":37,"column":15},"end":{"line":37,"column":25}},"loc":{"start":{"line":37,"column":34},"end":{"line":46,"column":1}},"line":37},"3":{"name":"addTask","decl":{"start":{"line":51,"column":15},"end":{"line":51,"column":22}},"loc":{"start":{"line":51,"column":29},"end":{"line":62,"column":1}},"line":51},"4":{"name":"editTask","decl":{"start":{"line":65,"column":15},"end":{"line":65,"column":23}},"loc":{"start":{"line":65,"column":43},"end":{"line":78,"column":1}},"line":65}},"branchMap":{"0":{"loc":{"start":{"line":10,"column":2},"end":{"line":15,"column":3}},"type":"if","locations":[{"start":{"line":10,"column":2},"end":{"line":15,"column":3}},{"start":{},"end":{}}],"line":10}},"s":{"0":1,"1":1,"2":1,"3":1,"4":1,"5":13,"6":1,"7":13,"8":3,"9":3,"10":3,"11":3,"12":1,"13":1,"14":2,"15":2,"16":2,"17":2,"18":2,"19":2,"20":2,"21":1,"22":1,"23":3,"24":3,"25":3,"26":3,"27":2,"28":1,"29":1,"30":2,"31":2,"32":2,"33":2,"34":0,"35":1},"f":{"0":13,"1":3,"2":2,"3":3,"4":2},"b":{"0":[1,12]},"_coverageSchema":"1a1c01bbd47fc00a2c39e90264f33305004495a9","hash":"79a5301cb89634eb328aa8b57d324a5009f14ea9"}
,"/Users/sabrinahuang/Downloads/College/CSC 308/to-do-list/backend/userSchema.js": {"path":"/Users/sabrinahuang/Downloads/College/CSC 308/to-do-list/backend/userSchema.js","statementMap":{"0":{"start":{"line":1,"column":17},"end":{"line":1,"column":36}},"1":{"start":{"line":3,"column":19},"end":{"line":26,"column":1}},"2":{"start":{"line":28,"column":0},"end":{"line":28,"column":27}}},"fnMap":{},"branchMap":{},"s":{"0":2,"1":2,"2":2},"f":{},"b":{},"_coverageSchema":"1a1c01bbd47fc00a2c39e90264f33305004495a9","hash":"d48af65d1b1825801273ad1bc24431e0c674e87d"}
,"/Users/sabrinahuang/Downloads/College/CSC 308/to-do-list/backend/userServices.js": {"path":"/Users/sabrinahuang/Downloads/College/CSC 308/to-do-list/backend/userServices.js","statementMap":{"0":{"start":{"line":2,"column":17},"end":{"line":2,"column":36}},"1":{"start":{"line":3,"column":19},"end":{"line":3,"column":42}},"2":{"start":{"line":4,"column":15},"end":{"line":4,"column":32}},"3":{"start":{"line":5,"column":0},"end":{"line":5,"column":15}},"4":{"start":{"line":10,"column":2},"end":{"line":15,"column":3}},"5":{"start":{"line":11,"column":4},"end":{"line":14,"column":6}},"6":{"start":{"line":16,"column":2},"end":{"line":16,"column":21}},"7":{"start":{"line":20,"column":20},"end":{"line":20,"column":63}},"8":{"start":{"line":22,"column":2},"end":{"line":26,"column":3}},"9":{"start":{"line":23,"column":4},"end":{"line":23,"column":35}},"10":{"start":{"line":25,"column":4},"end":{"line":25,"column":39}},"11":{"start":{"line":27,"column":2},"end":{"line":27,"column":15}},"12":{"start":{"line":31,"column":20},"end":{"line":31,"column":63}},"13":{"start":{"line":32,"column":2},"end":{"line":32,"column":43}},"14":{"start":{"line":37,"column":20},"end":{"line":37,"column":63}},"15":{"start":{"line":38,"column":2},"end":{"line":48,"column":3}},"16":{"start":{"line":39,"column":23},"end":{"line":43,"column":5}},"17":{"start":{"line":44,"column":4},"end":{"line":44,"column":21}},"18":{"start":{"line":46,"column":4},"end":{"line":46,"column":38}},"19":{"start":{"line":47,"column":4},"end":{"line":47,"column":16}},"20":{"start":{"line":53,"column":20},"end":{"line":53,"column":63}},"21":{"start":{"line":54,"column":2},"end":{"line":63,"column":3}},"22":{"start":{"line":57,"column":22},"end":{"line":57,"column":41}},"23":{"start":{"line":58,"column":22},"end":{"line":58,"column":44}},"24":{"start":{"line":59,"column":4},"end":{"line":59,"column":20}},"25":{"start":{"line":61,"column":4},"end":{"line":61,"column":22}},"26":{"start":{"line":62,"column":4},"end":{"line":62,"column":16}},"27":{"start":{"line":67,"column":20},"end":{"line":67,"column":63}},"28":{"start":{"line":68,"column":2},"end":{"line":73,"column":3}},"29":{"start":{"line":69,"column":4},"end":{"line":69,"column":39}},"30":{"start":{"line":71,"column":4},"end":{"line":71,"column":22}},"31":{"start":{"line":72,"column":4},"end":{"line":72,"column":15}},"32":{"start":{"line":77,"column":20},"end":{"line":77,"column":63}},"33":{"start":{"line":78,"column":2},"end":{"line":83,"column":3}},"34":{"start":{"line":79,"column":4},"end":{"line":79,"column":48}},"35":{"start":{"line":81,"column":4},"end":{"line":81,"column":22}},"36":{"start":{"line":82,"column":4},"end":{"line":82,"column":15}},"37":{"start":{"line":87,"column":20},"end":{"line":87,"column":63}},"38":{"start":{"line":88,"column":2},"end":{"line":88,"column":39}},"39":{"start":{"line":91,"column":0},"end":{"line":99,"column":1}}},"fnMap":{"0":{"name":"getDbConnection","decl":{"start":{"line":9,"column":9},"end":{"line":9,"column":24}},"loc":{"start":{"line":9,"column":27},"end":{"line":17,"column":1}},"line":9},"1":{"name":"getUsers","decl":{"start":{"line":19,"column":15},"end":{"line":19,"column":23}},"loc":{"start":{"line":19,"column":30},"end":{"line":28,"column":1}},"line":19},"2":{"name":"findUserByUsername","decl":{"start":{"line":30,"column":15},"end":{"line":30,"column":33}},"loc":{"start":{"line":30,"column":44},"end":{"line":33,"column":1}},"line":30},"3":{"name":"editUser","decl":{"start":{"line":36,"column":15},"end":{"line":36,"column":23}},"loc":{"start":{"line":36,"column":43},"end":{"line":49,"column":1}},"line":36},"4":{"name":"addUser","decl":{"start":{"line":51,"column":15},"end":{"line":51,"column":22}},"loc":{"start":{"line":51,"column":29},"end":{"line":64,"column":1}},"line":51},"5":{"name":"findUserById","decl":{"start":{"line":66,"column":15},"end":{"line":66,"column":27}},"loc":{"start":{"line":66,"column":32},"end":{"line":74,"column":1}},"line":66},"6":{"name":"findAndDelete","decl":{"start":{"line":76,"column":15},"end":{"line":76,"column":28}},"loc":{"start":{"line":76,"column":33},"end":{"line":84,"column":1}},"line":76},"7":{"name":"findUserByName","decl":{"start":{"line":86,"column":15},"end":{"line":86,"column":29}},"loc":{"start":{"line":86,"column":36},"end":{"line":89,"column":1}},"line":86}},"branchMap":{"0":{"loc":{"start":{"line":10,"column":2},"end":{"line":15,"column":3}},"type":"if","locations":[{"start":{"line":10,"column":2},"end":{"line":15,"column":3}},{"start":{},"end":{}}],"line":10},"1":{"loc":{"start":{"line":22,"column":2},"end":{"line":26,"column":3}},"type":"if","locations":[{"start":{"line":22,"column":2},"end":{"line":26,"column":3}},{"start":{"line":24,"column":9},"end":{"line":26,"column":3}}],"line":22}},"s":{"0":1,"1":1,"2":1,"3":1,"4":18,"5":1,"6":18,"7":6,"8":6,"9":1,"10":5,"11":6,"12":1,"13":1,"14":1,"15":1,"16":1,"17":1,"18":0,"19":0,"20":2,"21":2,"22":2,"23":2,"24":1,"25":1,"26":1,"27":2,"28":2,"29":2,"30":0,"31":0,"32":1,"33":1,"34":1,"35":0,"36":0,"37":5,"38":5,"39":1},"f":{"0":18,"1":6,"2":1,"3":1,"4":2,"5":2,"6":1,"7":5},"b":{"0":[1,17],"1":[1,5]},"_coverageSchema":"1a1c01bbd47fc00a2c39e90264f33305004495a9","hash":"09c061694f60378d7e4f40c3ff22ac036f488fb7"}
}
