TN:
SF:task.js
FNF:0
FNH:0
DA:1,1
DA:3,1
DA:37,1
LF:3
LH:3
BRF:0
BRH:0
end_of_record
TN:
SF:taskServices.js
FN:9,getDbConnection
FN:20,getTasks
FN:37,deleteTask
FN:51,addTask
FN:65,editTask
FNF:5
FNH:5
FNDA:13,getDbConnection
FNDA:3,getTasks
FNDA:2,deleteTask
FNDA:3,addTask
FNDA:2,editTask
DA:2,1
DA:3,1
DA:4,1
DA:5,1
DA:6,1
DA:10,13
DA:11,1
DA:16,13
DA:21,3
DA:22,3
DA:24,3
DA:25,3
DA:27,1
DA:28,1
DA:31,2
DA:32,2
DA:33,2
DA:38,2
DA:39,2
DA:40,2
DA:41,2
DA:43,1
DA:44,1
DA:52,3
DA:53,3
DA:55,3
DA:56,3
DA:57,2
DA:59,1
DA:60,1
DA:66,2
DA:67,2
DA:68,2
DA:73,2
DA:76,0
DA:80,1
LF:36
LH:35
BRDA:10,0,0,1
BRDA:10,0,1,12
BRF:2
BRH:2
end_of_record
TN:
SF:userSchema.js
FNF:0
FNH:0
DA:1,2
DA:3,2
DA:28,2
LF:3
LH:3
BRF:0
BRH:0
end_of_record
TN:
SF:userServices.js
FN:9,getDbConnection
FN:19,getUsers
FN:30,findUserByUsername
FN:36,editUser
FN:51,addUser
FN:66,findUserById
FN:76,findAndDelete
FN:86,findUserByName
FNF:8
FNH:8
FNDA:18,getDbConnection
FNDA:6,getUsers
FNDA:1,findUserByUsername
FNDA:1,editUser
FNDA:2,addUser
FNDA:2,findUserById
FNDA:1,findAndDelete
FNDA:5,findUserByName
DA:2,1
DA:3,1
DA:4,1
DA:5,1
DA:10,18
DA:11,1
DA:16,18
DA:20,6
DA:22,6
DA:23,1
DA:25,5
DA:27,6
DA:31,1
DA:32,1
DA:37,1
DA:38,1
DA:39,1
DA:44,1
DA:46,0
DA:47,0
DA:53,2
DA:54,2
DA:57,2
DA:58,2
DA:59,1
DA:61,1
DA:62,1
DA:67,2
DA:68,2
DA:69,2
DA:71,0
DA:72,0
DA:77,1
DA:78,1
DA:79,1
DA:81,0
DA:82,0
DA:87,5
DA:88,5
DA:91,1
LF:40
LH:34
BRDA:10,0,0,1
BRDA:10,0,1,17
BRDA:22,1,0,1
BRDA:22,1,1,5
BRF:4
BRH:4
end_of_record
